0 info it worked if it ends with ok
1 verbose cli [ 'C:\\Program Files\\nodejs\\node.exe',
1 verbose cli   'C:\\Program Files\\nodejs\\node_modules\\npm\\bin\\npm-cli.js',
1 verbose cli   'install',
1 verbose cli   'https://github.com/mranney/node_pcap.git' ]
2 info using npm@3.10.10
3 info using node@v7.3.0
4 silly loadCurrentTree Starting
5 silly install loadCurrentTree
6 silly install readLocalPackageData
7 silly fetchPackageMetaData https://github.com/mranney/node_pcap.git
8 silly fetchOtherPackageData https://github.com/mranney/node_pcap.git
9 silly cache add args [ 'https://github.com/mranney/node_pcap.git', null ]
10 verbose cache add spec https://github.com/mranney/node_pcap.git
11 silly cache add parsed spec Result {
11 silly cache add   raw: 'https://github.com/mranney/node_pcap.git',
11 silly cache add   scope: null,
11 silly cache add   escapedName: null,
11 silly cache add   name: null,
11 silly cache add   rawSpec: 'https://github.com/mranney/node_pcap.git',
11 silly cache add   spec: 'git+https://github.com/mranney/node_pcap.git',
11 silly cache add   type: 'hosted',
11 silly cache add   hosted:
11 silly cache add    { type: 'github',
11 silly cache add      ssh: 'git@github.com:mranney/node_pcap.git',
11 silly cache add      sshUrl: 'git+ssh://git@github.com/mranney/node_pcap.git',
11 silly cache add      httpsUrl: 'git+https://github.com/mranney/node_pcap.git',
11 silly cache add      gitUrl: 'git://github.com/mranney/node_pcap.git',
11 silly cache add      shortcut: 'github:mranney/node_pcap',
11 silly cache add      directUrl: 'https://raw.githubusercontent.com/mranney/node_pcap/master/package.json' } }
12 verbose addRemoteGit caching https://github.com/mranney/node_pcap.git
13 verbose addRemoteGit git+https://github.com/mranney/node_pcap.git is a repository hosted by github
14 silly tryClone cloning git+https://github.com/mranney/node_pcap.git via git+https://github.com/mranney/node_pcap.git
15 verbose tryClone git-https-github-com-mranney-node-pcap-git-53ba2616 not in flight; caching
16 verbose correctMkdir C:\Users\qkrwl\AppData\Roaming\npm-cache\_git-remotes correctMkdir not in flight; initializing
17 info git [ 'config', '--get', 'remote.origin.url' ]
18 silly validateExistingRemote git+https://github.com/mranney/node_pcap.git remote.origin.url: https://github.com/mranney/node_pcap.git
19 verbose validateExistingRemote git+https://github.com/mranney/node_pcap.git is updating existing cached remote C:\Users\qkrwl\AppData\Roaming\npm-cache\_git-remotes\git-https-github-com-mranney-node-pcap-git-53ba2616
20 info git [ 'fetch', '-a', 'origin' ]
21 verbose updateRemote git fetch -a origin (https://github.com/mranney/node_pcap.git)
22 verbose setPermissions git+https://github.com/mranney/node_pcap.git skipping chownr on Windows
23 verbose resolveHead git+https://github.com/mranney/node_pcap.git original treeish: master
24 info git [ 'rev-list', '-n1', 'master' ]
25 silly resolveHead git+https://github.com/mranney/node_pcap.git resolved treeish: d920204745c8b00ef4b7a3fe27d902b263cdb70f
26 verbose resolveHead git+https://github.com/mranney/node_pcap.git resolved Git URL: git+https://github.com/mranney/node_pcap.git#d920204745c8b00ef4b7a3fe27d902b263cdb70f
27 silly resolveHead Git working directory: C:\Users\qkrwl\AppData\Local\Temp\npm-9616-0c4d6188\git-cache-5941ce65\d920204745c8b00ef4b7a3fe27d902b263cdb70f
28 info git [ 'clone',
28 info git   'C:\\Users\\qkrwl\\AppData\\Roaming\\npm-cache\\_git-remotes\\git-https-github-com-mranney-node-pcap-git-53ba2616',
28 info git   'C:\\Users\\qkrwl\\AppData\\Local\\Temp\\npm-9616-0c4d6188\\git-cache-5941ce65\\d920204745c8b00ef4b7a3fe27d902b263cdb70f' ]
29 verbose cloneResolved git+https://github.com/mranney/node_pcap.git clone Cloning into 'C:\Users\qkrwl\AppData\Local\Temp\npm-9616-0c4d6188\git-cache-5941ce65\d920204745c8b00ef4b7a3fe27d902b263cdb70f'...
29 verbose cloneResolved done.
30 info git [ 'checkout', 'd920204745c8b00ef4b7a3fe27d902b263cdb70f' ]
31 verbose checkoutTreeish git+https://github.com/mranney/node_pcap.git checkout Note: checking out 'd920204745c8b00ef4b7a3fe27d902b263cdb70f'.
31 verbose checkoutTreeish
31 verbose checkoutTreeish You are in 'detached HEAD' state. You can look around, make experimental
31 verbose checkoutTreeish changes and commit them, and you can discard any commits you make in this
31 verbose checkoutTreeish state without impacting any branches by performing another checkout.
31 verbose checkoutTreeish
31 verbose checkoutTreeish If you want to create a new branch to retain commits you create, you may
31 verbose checkoutTreeish do so (now or later) by using -b with the checkout command again. Example:
31 verbose checkoutTreeish
31 verbose checkoutTreeish   git checkout -b <new-branch-name>
31 verbose checkoutTreeish
31 verbose checkoutTreeish HEAD is now at d920204... Merge pull request #204 from audrummer15/master
32 info git [ 'submodule', '-q', 'update', '--init', '--recursive' ]
33 verbose updateSubmodules git+https://github.com/mranney/node_pcap.git submodule update
34 verbose addLocalDirectory C:\Users\qkrwl\AppData\Roaming\npm-cache\pcap\2.0.0\package.tgz not in flight; packing
35 verbose correctMkdir C:\Users\qkrwl\AppData\Roaming\npm-cache correctMkdir not in flight; initializing
36 verbose tar pack [ 'C:\\Users\\qkrwl\\AppData\\Roaming\\npm-cache\\pcap\\2.0.0\\package.tgz',
36 verbose tar pack   'C:\\Users\\qkrwl\\AppData\\Local\\Temp\\npm-9616-0c4d6188\\git-cache-5941ce65\\d920204745c8b00ef4b7a3fe27d902b263cdb70f' ]
37 verbose tarball C:\Users\qkrwl\AppData\Roaming\npm-cache\pcap\2.0.0\package.tgz
38 verbose folder C:\Users\qkrwl\AppData\Local\Temp\npm-9616-0c4d6188\git-cache-5941ce65\d920204745c8b00ef4b7a3fe27d902b263cdb70f
39 verbose addLocalTarball adding from inside cache C:\Users\qkrwl\AppData\Roaming\npm-cache\pcap\2.0.0\package.tgz
40 verbose correctMkdir C:\Users\qkrwl\AppData\Roaming\npm-cache correctMkdir not in flight; initializing
41 verbose addRemoteGit data._from: git+https://github.com/mranney/node_pcap.git
42 verbose addRemoteGit data._resolved: git+https://github.com/mranney/node_pcap.git#d920204745c8b00ef4b7a3fe27d902b263cdb70f
43 silly cache afterAdd pcap@2.0.0
44 verbose afterAdd C:\Users\qkrwl\AppData\Roaming\npm-cache\pcap\2.0.0\package\package.json not in flight; writing
45 verbose correctMkdir C:\Users\qkrwl\AppData\Roaming\npm-cache correctMkdir not in flight; initializing
46 verbose afterAdd C:\Users\qkrwl\AppData\Roaming\npm-cache\pcap\2.0.0\package\package.json written
47 silly install normalizeTree
48 silly loadCurrentTree Finishing
49 silly loadIdealTree Starting
50 silly install loadIdealTree
51 silly cloneCurrentTree Starting
52 silly install cloneCurrentTreeToIdealTree
53 silly cloneCurrentTree Finishing
54 silly loadShrinkwrap Starting
55 silly install loadShrinkwrap
56 silly loadShrinkwrap Finishing
57 silly loadAllDepsIntoIdealTree Starting
58 silly install loadAllDepsIntoIdealTree
59 silly resolveWithNewModule pcap@2.0.0 checking installable status
60 silly fetchNamedPackageData nan
61 silly mapToRegistry name nan
62 silly mapToRegistry using default registry
63 silly mapToRegistry registry https://registry.npmjs.org/
64 silly mapToRegistry data Result {
64 silly mapToRegistry   raw: 'nan',
64 silly mapToRegistry   scope: null,
64 silly mapToRegistry   escapedName: 'nan',
64 silly mapToRegistry   name: 'nan',
64 silly mapToRegistry   rawSpec: '',
64 silly mapToRegistry   spec: 'latest',
64 silly mapToRegistry   type: 'tag' }
65 silly mapToRegistry uri https://registry.npmjs.org/nan
66 silly fetchNamedPackageData socketwatcher
67 silly mapToRegistry name socketwatcher
68 silly mapToRegistry using default registry
69 silly mapToRegistry registry https://registry.npmjs.org/
70 silly mapToRegistry data Result {
70 silly mapToRegistry   raw: 'socketwatcher',
70 silly mapToRegistry   scope: null,
70 silly mapToRegistry   escapedName: 'socketwatcher',
70 silly mapToRegistry   name: 'socketwatcher',
70 silly mapToRegistry   rawSpec: '',
70 silly mapToRegistry   spec: 'latest',
70 silly mapToRegistry   type: 'tag' }
71 silly mapToRegistry uri https://registry.npmjs.org/socketwatcher
72 verbose request uri https://registry.npmjs.org/socketwatcher
73 verbose request no auth needed
74 info attempt registry request try #1 at 00:20:13
75 verbose request using bearer token for auth
76 verbose request id 93b96e9f60d9e858
77 verbose etag W/"560f642c-1fd9"
78 verbose lastModified Sat, 03 Oct 2015 05:14:20 GMT
79 http request GET https://registry.npmjs.org/socketwatcher
80 verbose request uri https://registry.npmjs.org/nan
81 verbose request no auth needed
82 info attempt registry request try #1 at 00:20:13
83 verbose request using bearer token for auth
84 verbose etag W/"58a44b6b-1df62"
85 verbose lastModified Wed, 15 Feb 2017 12:36:59 GMT
86 http request GET https://registry.npmjs.org/nan
87 http 304 https://registry.npmjs.org/socketwatcher
88 verbose headers { server: 'nginx/1.10.1',
88 verbose headers   'last-modified': 'Sat, 03 Oct 2015 05:14:20 GMT',
88 verbose headers   etag: '"560f642c-1fd9"',
88 verbose headers   'cache-control': 'max-age=300',
88 verbose headers   'accept-ranges': 'bytes',
88 verbose headers   date: 'Mon, 20 Feb 2017 15:20:13 GMT',
88 verbose headers   via: '1.1 varnish',
88 verbose headers   connection: 'keep-alive',
88 verbose headers   'x-served-by': 'cache-lax8637-LAX',
88 verbose headers   'x-cache': 'MISS',
88 verbose headers   'x-cache-hits': '0',
88 verbose headers   'x-timer': 'S1487604013.828221,VS0,VE29',
88 verbose headers   vary: 'Accept-Encoding' }
89 silly get cb [ 304,
89 silly get   { server: 'nginx/1.10.1',
89 silly get     'last-modified': 'Sat, 03 Oct 2015 05:14:20 GMT',
89 silly get     etag: '"560f642c-1fd9"',
89 silly get     'cache-control': 'max-age=300',
89 silly get     'accept-ranges': 'bytes',
89 silly get     date: 'Mon, 20 Feb 2017 15:20:13 GMT',
89 silly get     via: '1.1 varnish',
89 silly get     connection: 'keep-alive',
89 silly get     'x-served-by': 'cache-lax8637-LAX',
89 silly get     'x-cache': 'MISS',
89 silly get     'x-cache-hits': '0',
89 silly get     'x-timer': 'S1487604013.828221,VS0,VE29',
89 silly get     vary: 'Accept-Encoding' } ]
90 verbose etag https://registry.npmjs.org/socketwatcher from cache
91 verbose get saving socketwatcher to C:\Users\qkrwl\AppData\Roaming\npm-cache\registry.npmjs.org\socketwatcher\.cache.json
92 verbose correctMkdir C:\Users\qkrwl\AppData\Roaming\npm-cache correctMkdir not in flight; initializing
93 silly resolveWithNewModule socketwatcher@0.3.0 checking installable status
94 silly cache add args [ 'socketwatcher@^0.3.0', null ]
95 verbose cache add spec socketwatcher@^0.3.0
96 silly cache add parsed spec Result {
96 silly cache add   raw: 'socketwatcher@^0.3.0',
96 silly cache add   scope: null,
96 silly cache add   escapedName: 'socketwatcher',
96 silly cache add   name: 'socketwatcher',
96 silly cache add   rawSpec: '^0.3.0',
96 silly cache add   spec: '>=0.3.0 <0.4.0',
96 silly cache add   type: 'range' }
97 silly addNamed socketwatcher@>=0.3.0 <0.4.0
98 verbose addNamed ">=0.3.0 <0.4.0" is a valid semver range for socketwatcher
99 silly addNameRange { name: 'socketwatcher',
99 silly addNameRange   range: '>=0.3.0 <0.4.0',
99 silly addNameRange   hasData: false }
100 silly mapToRegistry name socketwatcher
101 silly mapToRegistry using default registry
102 silly mapToRegistry registry https://registry.npmjs.org/
103 silly mapToRegistry data Result {
103 silly mapToRegistry   raw: 'socketwatcher',
103 silly mapToRegistry   scope: null,
103 silly mapToRegistry   escapedName: 'socketwatcher',
103 silly mapToRegistry   name: 'socketwatcher',
103 silly mapToRegistry   rawSpec: '',
103 silly mapToRegistry   spec: 'latest',
103 silly mapToRegistry   type: 'tag' }
104 silly mapToRegistry uri https://registry.npmjs.org/socketwatcher
105 verbose addNameRange registry:https://registry.npmjs.org/socketwatcher not in flight; fetching
106 verbose get https://registry.npmjs.org/socketwatcher not expired, no request
107 silly addNameRange number 2 { name: 'socketwatcher', range: '>=0.3.0 <0.4.0', hasData: true }
108 silly addNameRange versions [ 'socketwatcher',
108 silly addNameRange   [ '0.1.0', '0.1.1', '0.1.2', '0.2.0', '0.3.0' ] ]
109 silly addNamed socketwatcher@0.3.0
110 verbose addNamed "0.3.0" is a plain semver version for socketwatcher
111 silly cache afterAdd socketwatcher@0.3.0
112 verbose afterAdd C:\Users\qkrwl\AppData\Roaming\npm-cache\socketwatcher\0.3.0\package\package.json not in flight; writing
113 verbose correctMkdir C:\Users\qkrwl\AppData\Roaming\npm-cache correctMkdir not in flight; initializing
114 verbose afterAdd C:\Users\qkrwl\AppData\Roaming\npm-cache\socketwatcher\0.3.0\package\package.json written
115 http 304 https://registry.npmjs.org/nan
116 verbose headers { server: 'nginx/1.10.1',
116 verbose headers   'last-modified': 'Wed, 15 Feb 2017 12:36:59 GMT',
116 verbose headers   etag: '"58a44b6b-1df62"',
116 verbose headers   'cache-control': 'max-age=300',
116 verbose headers   'accept-ranges': 'bytes',
116 verbose headers   date: 'Mon, 20 Feb 2017 15:20:13 GMT',
116 verbose headers   via: '1.1 varnish',
116 verbose headers   connection: 'keep-alive',
116 verbose headers   'x-served-by': 'cache-lax8650-LAX',
116 verbose headers   'x-cache': 'MISS',
116 verbose headers   'x-cache-hits': '0',
116 verbose headers   'x-timer': 'S1487604013.758990,VS0,VE172',
116 verbose headers   vary: 'Accept-Encoding' }
117 silly get cb [ 304,
117 silly get   { server: 'nginx/1.10.1',
117 silly get     'last-modified': 'Wed, 15 Feb 2017 12:36:59 GMT',
117 silly get     etag: '"58a44b6b-1df62"',
117 silly get     'cache-control': 'max-age=300',
117 silly get     'accept-ranges': 'bytes',
117 silly get     date: 'Mon, 20 Feb 2017 15:20:13 GMT',
117 silly get     via: '1.1 varnish',
117 silly get     connection: 'keep-alive',
117 silly get     'x-served-by': 'cache-lax8650-LAX',
117 silly get     'x-cache': 'MISS',
117 silly get     'x-cache-hits': '0',
117 silly get     'x-timer': 'S1487604013.758990,VS0,VE172',
117 silly get     vary: 'Accept-Encoding' } ]
118 verbose etag https://registry.npmjs.org/nan from cache
119 verbose get saving nan to C:\Users\qkrwl\AppData\Roaming\npm-cache\registry.npmjs.org\nan\.cache.json
120 verbose correctMkdir C:\Users\qkrwl\AppData\Roaming\npm-cache correctMkdir not in flight; initializing
121 silly resolveWithNewModule nan@2.5.1 checking installable status
122 silly cache add args [ 'nan@^2.0.9', null ]
123 verbose cache add spec nan@^2.0.9
124 silly cache add parsed spec Result {
124 silly cache add   raw: 'nan@^2.0.9',
124 silly cache add   scope: null,
124 silly cache add   escapedName: 'nan',
124 silly cache add   name: 'nan',
124 silly cache add   rawSpec: '^2.0.9',
124 silly cache add   spec: '>=2.0.9 <3.0.0',
124 silly cache add   type: 'range' }
125 silly addNamed nan@>=2.0.9 <3.0.0
126 verbose addNamed ">=2.0.9 <3.0.0" is a valid semver range for nan
127 silly addNameRange { name: 'nan', range: '>=2.0.9 <3.0.0', hasData: false }
128 silly mapToRegistry name nan
129 silly mapToRegistry using default registry
130 silly mapToRegistry registry https://registry.npmjs.org/
131 silly mapToRegistry data Result {
131 silly mapToRegistry   raw: 'nan',
131 silly mapToRegistry   scope: null,
131 silly mapToRegistry   escapedName: 'nan',
131 silly mapToRegistry   name: 'nan',
131 silly mapToRegistry   rawSpec: '',
131 silly mapToRegistry   spec: 'latest',
131 silly mapToRegistry   type: 'tag' }
132 silly mapToRegistry uri https://registry.npmjs.org/nan
133 verbose addNameRange registry:https://registry.npmjs.org/nan not in flight; fetching
134 verbose get https://registry.npmjs.org/nan not expired, no request
135 silly addNameRange number 2 { name: 'nan', range: '>=2.0.9 <3.0.0', hasData: true }
136 silly addNameRange versions [ 'nan',
136 silly addNameRange   [ '0.3.0-wip',
136 silly addNameRange     '0.3.0-wip2',
136 silly addNameRange     '0.3.0',
136 silly addNameRange     '0.3.1',
136 silly addNameRange     '0.3.2',
136 silly addNameRange     '0.4.0',
136 silly addNameRange     '0.4.1',
136 silly addNameRange     '0.4.2',
136 silly addNameRange     '0.4.3',
136 silly addNameRange     '0.4.4',
136 silly addNameRange     '0.5.0',
136 silly addNameRange     '0.5.1',
136 silly addNameRange     '0.5.2',
136 silly addNameRange     '0.6.0',
136 silly addNameRange     '0.7.0',
136 silly addNameRange     '0.7.1',
136 silly addNameRange     '0.8.0',
136 silly addNameRange     '1.0.0',
136 silly addNameRange     '1.1.0',
136 silly addNameRange     '1.1.1',
136 silly addNameRange     '1.1.2',
136 silly addNameRange     '1.2.0',
136 silly addNameRange     '1.3.0',
136 silly addNameRange     '1.4.0',
136 silly addNameRange     '1.4.1',
136 silly addNameRange     '1.5.0',
136 silly addNameRange     '1.4.2',
136 silly addNameRange     '1.4.3',
136 silly addNameRange     '1.5.1',
136 silly addNameRange     '1.5.2',
136 silly addNameRange     '1.6.0',
136 silly addNameRange     '1.5.3',
136 silly addNameRange     '1.6.1',
136 silly addNameRange     '1.6.2',
136 silly addNameRange     '1.7.0',
136 silly addNameRange     '1.8.0',
136 silly addNameRange     '1.8.1',
136 silly addNameRange     '1.8.2',
136 silly addNameRange     '1.8.3',
136 silly addNameRange     '1.8.4',
136 silly addNameRange     '1.9.0',
136 silly addNameRange     '2.0.0',
136 silly addNameRange     '2.0.1',
136 silly addNameRange     '2.0.2',
136 silly addNameRange     '2.0.3',
136 silly addNameRange     '2.0.4',
136 silly addNameRange     '2.0.5',
136 silly addNameRange     '2.0.6',
136 silly addNameRange     '2.0.7',
136 silly addNameRange     '2.0.8',
136 silly addNameRange     '2.0.9',
136 silly addNameRange     '2.1.0',
136 silly addNameRange     '2.2.0',
136 silly addNameRange     '2.2.1',
136 silly addNameRange     '2.3.0',
136 silly addNameRange     '2.3.1',
136 silly addNameRange     '2.3.2',
136 silly addNameRange     '2.3.3',
136 silly addNameRange     '2.3.4',
136 silly addNameRange     '2.3.5',
136 silly addNameRange     '2.4.0',
136 silly addNameRange     '2.5.0',
136 silly addNameRange     '2.5.1' ] ]
137 silly addNamed nan@2.5.1
138 verbose addNamed "2.5.1" is a plain semver version for nan
139 silly cache afterAdd nan@2.5.1
140 verbose afterAdd C:\Users\qkrwl\AppData\Roaming\npm-cache\nan\2.5.1\package\package.json not in flight; writing
141 verbose correctMkdir C:\Users\qkrwl\AppData\Roaming\npm-cache correctMkdir not in flight; initializing
142 verbose afterAdd C:\Users\qkrwl\AppData\Roaming\npm-cache\nan\2.5.1\package\package.json written
143 silly fetchNamedPackageData nan
144 silly mapToRegistry name nan
145 silly mapToRegistry using default registry
146 silly mapToRegistry registry https://registry.npmjs.org/
147 silly mapToRegistry data Result {
147 silly mapToRegistry   raw: 'nan',
147 silly mapToRegistry   scope: null,
147 silly mapToRegistry   escapedName: 'nan',
147 silly mapToRegistry   name: 'nan',
147 silly mapToRegistry   rawSpec: '',
147 silly mapToRegistry   spec: 'latest',
147 silly mapToRegistry   type: 'tag' }
148 silly mapToRegistry uri https://registry.npmjs.org/nan
149 silly resolveWithNewModule nan@2.5.1 checking installable status
150 silly loadAllDepsIntoIdealTree Finishing
151 silly loadIdealTree Finishing
152 silly currentTree bene.js@0.0.1
152 silly currentTree +-- accepts@1.3.3
152 silly currentTree +-- argv@0.0.2
152 silly currentTree +-- array-flatten@1.1.1
152 silly currentTree +-- blessed@0.1.81
152 silly currentTree +-- content-disposition@0.5.2
152 silly currentTree +-- content-type@1.0.2
152 silly currentTree +-- cookie-signature@1.0.6
152 silly currentTree +-- cookie@0.3.1
152 silly currentTree +-- debug@2.2.0
152 silly currentTree +-- depd@1.1.0
152 silly currentTree +-- destroy@1.0.4
152 silly currentTree +-- ee-first@1.1.1
152 silly currentTree +-- encodeurl@1.0.1
152 silly currentTree +-- escape-html@1.0.3
152 silly currentTree +-- etag@1.7.0
152 silly currentTree +-- express@4.14.1
152 silly currentTree +-- finalhandler@0.5.1
152 silly currentTree +-- forwarded@0.1.0
152 silly currentTree +-- fresh@0.3.0
152 silly currentTree +-- http-errors@1.5.1
152 silly currentTree +-- inherits@2.0.3
152 silly currentTree +-- ipaddr.js@1.2.0
152 silly currentTree +-- media-typer@0.3.0
152 silly currentTree +-- merge-descriptors@1.0.1
152 silly currentTree +-- methods@1.1.2
152 silly currentTree +-- mime-db@1.26.0
152 silly currentTree +-- mime-types@2.1.14
152 silly currentTree +-- mime@1.3.4
152 silly currentTree +-- moment@2.17.1
152 silly currentTree +-- ms@0.7.1
152 silly currentTree +-- nan@1.6.2
152 silly currentTree +-- negotiator@0.6.1
152 silly currentTree +-- oauth@0.9.15
152 silly currentTree +-- on-finished@2.3.0
152 silly currentTree +-- parseurl@1.3.1
152 silly currentTree +-- passport-facebook-token@3.3.0
152 silly currentTree +-- passport-oauth@1.0.0
152 silly currentTree +-- passport-oauth1@1.1.0
152 silly currentTree +-- passport-oauth2@1.4.0
152 silly currentTree +-- passport-strategy@1.0.0
152 silly currentTree +-- passport@0.3.2
152 silly currentTree +-- path-to-regexp@0.1.7
152 silly currentTree +-- pause@0.0.1
152 silly currentTree +-- proxy-addr@1.1.3
152 silly currentTree +-- qs@6.2.0
152 silly currentTree +-- range-parser@1.2.0
152 silly currentTree +-- send@0.14.2
152 silly currentTree | `-- ms@0.7.2
152 silly currentTree +-- serve-static@1.11.2
152 silly currentTree +-- setprototypeof@1.0.2
152 silly currentTree +-- statuses@1.3.1
152 silly currentTree +-- type-is@1.6.14
152 silly currentTree +-- uid2@0.0.3
152 silly currentTree +-- unpipe@1.0.0
152 silly currentTree +-- utils-merge@1.0.0
152 silly currentTree `-- vary@1.1.0
153 silly idealTree bene.js@0.0.1
153 silly idealTree +-- accepts@1.3.3
153 silly idealTree +-- argv@0.0.2
153 silly idealTree +-- array-flatten@1.1.1
153 silly idealTree +-- blessed@0.1.81
153 silly idealTree +-- content-disposition@0.5.2
153 silly idealTree +-- content-type@1.0.2
153 silly idealTree +-- cookie-signature@1.0.6
153 silly idealTree +-- cookie@0.3.1
153 silly idealTree +-- debug@2.2.0
153 silly idealTree +-- depd@1.1.0
153 silly idealTree +-- destroy@1.0.4
153 silly idealTree +-- ee-first@1.1.1
153 silly idealTree +-- encodeurl@1.0.1
153 silly idealTree +-- escape-html@1.0.3
153 silly idealTree +-- etag@1.7.0
153 silly idealTree +-- express@4.14.1
153 silly idealTree +-- finalhandler@0.5.1
153 silly idealTree +-- forwarded@0.1.0
153 silly idealTree +-- fresh@0.3.0
153 silly idealTree +-- http-errors@1.5.1
153 silly idealTree +-- inherits@2.0.3
153 silly idealTree +-- ipaddr.js@1.2.0
153 silly idealTree +-- media-typer@0.3.0
153 silly idealTree +-- merge-descriptors@1.0.1
153 silly idealTree +-- methods@1.1.2
153 silly idealTree +-- mime-db@1.26.0
153 silly idealTree +-- mime-types@2.1.14
153 silly idealTree +-- mime@1.3.4
153 silly idealTree +-- moment@2.17.1
153 silly idealTree +-- ms@0.7.1
153 silly idealTree +-- nan@1.6.2
153 silly idealTree +-- negotiator@0.6.1
153 silly idealTree +-- oauth@0.9.15
153 silly idealTree +-- on-finished@2.3.0
153 silly idealTree +-- parseurl@1.3.1
153 silly idealTree +-- passport-facebook-token@3.3.0
153 silly idealTree +-- passport-oauth@1.0.0
153 silly idealTree +-- passport-oauth1@1.1.0
153 silly idealTree +-- passport-oauth2@1.4.0
153 silly idealTree +-- passport-strategy@1.0.0
153 silly idealTree +-- passport@0.3.2
153 silly idealTree +-- path-to-regexp@0.1.7
153 silly idealTree +-- pause@0.0.1
153 silly idealTree +-- pcap@2.0.0
153 silly idealTree | `-- nan@2.5.1
153 silly idealTree +-- proxy-addr@1.1.3
153 silly idealTree +-- qs@6.2.0
153 silly idealTree +-- range-parser@1.2.0
153 silly idealTree +-- send@0.14.2
153 silly idealTree | `-- ms@0.7.2
153 silly idealTree +-- serve-static@1.11.2
153 silly idealTree +-- setprototypeof@1.0.2
153 silly idealTree +-- socketwatcher@0.3.0
153 silly idealTree | `-- nan@2.5.1
153 silly idealTree +-- statuses@1.3.1
153 silly idealTree +-- type-is@1.6.14
153 silly idealTree +-- uid2@0.0.3
153 silly idealTree +-- unpipe@1.0.0
153 silly idealTree +-- utils-merge@1.0.0
153 silly idealTree `-- vary@1.1.0
154 silly generateActionsToTake Starting
155 silly install generateActionsToTake
156 silly generateActionsToTake Finishing
157 silly diffTrees action count 4
158 silly diffTrees add nan@2.5.1
159 silly diffTrees add nan@2.5.1
160 silly diffTrees add socketwatcher@0.3.0
161 silly diffTrees add pcap@2.0.0
162 silly decomposeActions action count 32
163 silly decomposeActions fetch nan@2.5.1
164 silly decomposeActions extract nan@2.5.1
165 silly decomposeActions test nan@2.5.1
166 silly decomposeActions preinstall nan@2.5.1
167 silly decomposeActions build nan@2.5.1
168 silly decomposeActions install nan@2.5.1
169 silly decomposeActions postinstall nan@2.5.1
170 silly decomposeActions finalize nan@2.5.1
171 silly decomposeActions fetch nan@2.5.1
172 silly decomposeActions extract nan@2.5.1
173 silly decomposeActions test nan@2.5.1
174 silly decomposeActions preinstall nan@2.5.1
175 silly decomposeActions build nan@2.5.1
176 silly decomposeActions install nan@2.5.1
177 silly decomposeActions postinstall nan@2.5.1
178 silly decomposeActions finalize nan@2.5.1
179 silly decomposeActions fetch socketwatcher@0.3.0
180 silly decomposeActions extract socketwatcher@0.3.0
181 silly decomposeActions test socketwatcher@0.3.0
182 silly decomposeActions preinstall socketwatcher@0.3.0
183 silly decomposeActions build socketwatcher@0.3.0
184 silly decomposeActions install socketwatcher@0.3.0
185 silly decomposeActions postinstall socketwatcher@0.3.0
186 silly decomposeActions finalize socketwatcher@0.3.0
187 silly decomposeActions fetch pcap@2.0.0
188 silly decomposeActions extract pcap@2.0.0
189 silly decomposeActions test pcap@2.0.0
190 silly decomposeActions preinstall pcap@2.0.0
191 silly decomposeActions build pcap@2.0.0
192 silly decomposeActions install pcap@2.0.0
193 silly decomposeActions postinstall pcap@2.0.0
194 silly decomposeActions finalize pcap@2.0.0
195 silly runTopLevelLifecycles Starting
196 silly executeActions Starting
197 silly install executeActions
198 silly doSerial global-install 0
199 silly doParallel fetch 4
200 verbose correctMkdir C:\Users\qkrwl\AppData\Roaming\npm-cache\_locks correctMkdir not in flight; initializing
201 verbose lock using C:\Users\qkrwl\AppData\Roaming\npm-cache\_locks\staging-bc23c28eb3ba3755.lock for C:\projects\bene.js\node_modules\.staging
202 silly doParallel extract 4
203 silly extract nan@2.5.1
204 silly extract nan@2.5.1
205 silly extract socketwatcher@0.3.0
206 silly extract pcap@2.0.0
207 verbose unbuild node_modules\.staging\nan-0a9df649
208 verbose unbuild node_modules\.staging\socketwatcher-6b310158
209 verbose unbuild node_modules\.staging\nan-a552e04d
210 verbose unbuild node_modules\.staging\pcap-7f137021
211 silly gentlyRm C:\projects\bene.js\node_modules\.staging\nan-0a9df649 is being purged from base C:\projects\bene.js
212 verbose gentlyRm don't care about contents; nuking C:\projects\bene.js\node_modules\.staging\nan-0a9df649
213 silly gentlyRm C:\projects\bene.js\node_modules\.staging\nan-a552e04d is being purged from base C:\projects\bene.js
214 verbose gentlyRm don't care about contents; nuking C:\projects\bene.js\node_modules\.staging\nan-a552e04d
215 silly gentlyRm C:\projects\bene.js\node_modules\.staging\socketwatcher-6b310158 is being purged from base C:\projects\bene.js
216 verbose gentlyRm don't care about contents; nuking C:\projects\bene.js\node_modules\.staging\socketwatcher-6b310158
217 verbose tar unpack C:\Users\qkrwl\AppData\Roaming\npm-cache\nan\2.5.1\package.tgz
218 verbose tar unpacking to C:\projects\bene.js\node_modules\.staging\nan-0a9df649
219 silly gentlyRm C:\projects\bene.js\node_modules\.staging\nan-0a9df649 is being purged
220 verbose gentlyRm don't care about contents; nuking C:\projects\bene.js\node_modules\.staging\nan-0a9df649
221 silly gentlyRm C:\projects\bene.js\node_modules\.staging\pcap-7f137021 is being purged from base C:\projects\bene.js
222 verbose gentlyRm don't care about contents; nuking C:\projects\bene.js\node_modules\.staging\pcap-7f137021
223 verbose tar unpack C:\Users\qkrwl\AppData\Roaming\npm-cache\nan\2.5.1\package.tgz
224 verbose tar unpacking to C:\projects\bene.js\node_modules\.staging\nan-a552e04d
225 silly gentlyRm C:\projects\bene.js\node_modules\.staging\nan-a552e04d is being purged
226 verbose gentlyRm don't care about contents; nuking C:\projects\bene.js\node_modules\.staging\nan-a552e04d
227 verbose tar unpack C:\Users\qkrwl\AppData\Roaming\npm-cache\socketwatcher\0.3.0\package.tgz
228 verbose tar unpacking to C:\projects\bene.js\node_modules\.staging\socketwatcher-6b310158
229 silly gentlyRm C:\projects\bene.js\node_modules\.staging\socketwatcher-6b310158 is being purged
230 verbose gentlyRm don't care about contents; nuking C:\projects\bene.js\node_modules\.staging\socketwatcher-6b310158
231 silly gunzTarPerm modes [ '777', '666' ]
232 verbose tar unpack C:\Users\qkrwl\AppData\Roaming\npm-cache\pcap\2.0.0\package.tgz
233 verbose tar unpacking to C:\projects\bene.js\node_modules\.staging\pcap-7f137021
234 silly gentlyRm C:\projects\bene.js\node_modules\.staging\pcap-7f137021 is being purged
235 verbose gentlyRm don't care about contents; nuking C:\projects\bene.js\node_modules\.staging\pcap-7f137021
236 silly gunzTarPerm modes [ '777', '666' ]
237 silly gunzTarPerm modes [ '777', '666' ]
238 silly gunzTarPerm modes [ '777', '666' ]
239 silly gunzTarPerm extractEntry package.json
240 silly gunzTarPerm modified mode [ 'package.json', 436, 438 ]
241 silly gunzTarPerm extractEntry package.json
242 silly gunzTarPerm modified mode [ 'package.json', 436, 438 ]
243 silly gunzTarPerm extractEntry package.json
244 silly gunzTarPerm modified mode [ 'package.json', 420, 438 ]
245 silly gunzTarPerm extractEntry package.json
246 silly gunzTarPerm extractEntry README.md
247 silly gunzTarPerm modified mode [ 'README.md', 436, 438 ]
248 silly gunzTarPerm extractEntry README.md
249 silly gunzTarPerm modified mode [ 'README.md', 436, 438 ]
250 silly gunzTarPerm extractEntry .npmignore
251 silly gunzTarPerm modified mode [ '.npmignore', 420, 438 ]
252 silly gunzTarPerm extractEntry README.md
253 silly gunzTarPerm modified mode [ 'README.md', 420, 438 ]
254 silly gunzTarPerm extractEntry include_dirs.js
255 silly gunzTarPerm modified mode [ 'include_dirs.js', 436, 438 ]
256 silly gunzTarPerm extractEntry include_dirs.js
257 silly gunzTarPerm modified mode [ 'include_dirs.js', 436, 438 ]
258 silly gunzTarPerm extractEntry .npmignore
259 silly gunzTarPerm extractEntry README.md
260 silly gunzTarPerm extractEntry tcp_tracker.js
261 silly gunzTarPerm extractEntry Gruntfile.js
262 silly gunzTarPerm extractEntry pcap.js
263 silly gunzTarPerm extractEntry dns_cache.js
264 silly gunzTarPerm extractEntry util.js
265 silly gunzTarPerm extractEntry pcap_binding.cc
266 silly gunzTarPerm extractEntry decode/arp.js
267 silly gunzTarPerm extractEntry decode/index.js
268 silly gunzTarPerm extractEntry decode/ip_protocols.js
269 silly gunzTarPerm extractEntry decode/ipv4.js
270 silly gunzTarPerm extractEntry decode/igmp.js
271 silly gunzTarPerm extractEntry decode/dns.js
272 silly gunzTarPerm extractEntry decode/ipv6_addr.js
273 silly gunzTarPerm extractEntry decode/udp.js
274 silly gunzTarPerm extractEntry decode/llc_packet.js
275 silly gunzTarPerm extractEntry decode/null_packet.js
276 silly gunzTarPerm extractEntry decode/vlan.js
277 silly gunzTarPerm extractEntry decode/pcap_packet.js
278 silly gunzTarPerm extractEntry decode/icmp.js
279 silly gunzTarPerm extractEntry decode/sll_addr.js
280 silly gunzTarPerm extractEntry decode/ethernet_packet.js
281 silly gunzTarPerm extractEntry decode/sll_packet.js
282 silly gunzTarPerm extractEntry decode/ethernet_addr.js
283 silly gunzTarPerm extractEntry decode/tcp.js
284 silly gunzTarPerm extractEntry decode/ipv4_addr.js
285 silly gunzTarPerm extractEntry decode/websocket.js
286 silly gunzTarPerm extractEntry decode/ipv6.js
287 silly gunzTarPerm extractEntry decode/ipv6headers/header_extension.js
288 silly gunzTarPerm extractEntry decode/ipv6headers/no_next.js
289 silly gunzTarPerm extractEntry decode/ieee802.11/radio_beacon_frame.js
290 silly gunzTarPerm extractEntry decode/ieee802.11/radio_frame.js
291 silly gunzTarPerm extractEntry decode/ieee802.11/radio_management_frame_tag.js
292 silly gunzTarPerm extractEntry decode/ieee802.11/radio_packet.js
293 silly gunzTarPerm extractEntry decode/ieee802.11/radio_probe_frame.js
294 silly gunzTarPerm extractEntry decode/ieee802.11/radio_utils.js
295 silly gunzTarPerm extractEntry node_ko_article.md
296 silly gunzTarPerm extractEntry changelog.md
297 silly gunzTarPerm extractEntry binding.gyp
298 silly gunzTarPerm extractEntry .jshintrc
299 silly gunzTarPerm extractEntry pcap_session.cc
300 silly gunzTarPerm extractEntry pcap_session.h
301 silly gunzTarPerm extractEntry spec/spec_helper.js
302 silly gunzTarPerm extractEntry spec/util.spec.js
303 silly gunzTarPerm extractEntry spec/decode/arp.spec.js
304 silly gunzTarPerm extractEntry spec/decode/ethernet_addr.spec.js
305 silly gunzTarPerm extractEntry spec/decode/icmp.spec.js
306 silly gunzTarPerm extractEntry spec/decode/tcp.spec.js
307 silly gunzTarPerm extractEntry spec/decode/igmp.spec.js
308 silly gunzTarPerm extractEntry spec/decode/dns.spec.js
309 silly gunzTarPerm extractEntry spec/decode/decode.js
310 silly gunzTarPerm extractEntry spec/decode/ipv6.spec.js
311 silly gunzTarPerm extractEntry spec/decode/ipv6_addr.spec.js
312 silly gunzTarPerm extractEntry spec/decode/null_packet.spec.js
313 silly gunzTarPerm extractEntry spec/decode/llc_packet.spec.js
314 silly gunzTarPerm extractEntry spec/decode/ipv4.spec.js
315 silly gunzTarPerm extractEntry spec/decode/udp.spec.js
316 silly gunzTarPerm extractEntry spec/decode/ipv4_addr.spec.js
317 silly gunzTarPerm extractEntry spec/decode/ipv6headers/header_extension.spec.js
318 silly gunzTarPerm extractEntry spec/decode/ipv6headers/no_next.spec.js
319 silly gunzTarPerm extractEntry spec/decode/ieee802.11/radio_beacon_frame.spec.js
320 silly gunzTarPerm extractEntry spec/decode/ieee802.11/radio_management_frame_tag.spec.js
321 silly gunzTarPerm extractEntry spec/decode/ieee802.11/radio_packet.spec.js
322 silly gunzTarPerm extractEntry spec/decode/ieee802.11/radio_probe_frame.spec.js
323 silly gunzTarPerm extractEntry spec/decode/ieee802.11/radio_utils.spec.js
324 silly gunzTarPerm extractEntry .travis.yml
325 silly gunzTarPerm extractEntry examples/network_grep.js
326 silly gunzTarPerm extractEntry examples/multiple_interfaces
327 silly gunzTarPerm extractEntry examples/speed_server
328 silly gunzTarPerm extractEntry examples/tcp_metrics
329 silly gunzTarPerm extractEntry nan_converters.h
330 silly gunzTarPerm modified mode [ 'nan_converters.h', 436, 438 ]
331 silly gunzTarPerm extractEntry CHANGELOG.md
332 silly gunzTarPerm modified mode [ 'CHANGELOG.md', 436, 438 ]
333 silly gunzTarPerm extractEntry LICENSE.md
334 silly gunzTarPerm modified mode [ 'LICENSE.md', 436, 438 ]
335 silly gunzTarPerm extractEntry LICENSE
336 silly gunzTarPerm modified mode [ 'LICENSE', 420, 438 ]
337 silly gunzTarPerm extractEntry binding.gyp
338 silly gunzTarPerm modified mode [ 'binding.gyp', 420, 438 ]
339 silly gunzTarPerm extractEntry nan_converters.h
340 silly gunzTarPerm modified mode [ 'nan_converters.h', 436, 438 ]
341 silly gunzTarPerm extractEntry CHANGELOG.md
342 silly gunzTarPerm modified mode [ 'CHANGELOG.md', 436, 438 ]
343 silly gunzTarPerm extractEntry LICENSE.md
344 silly gunzTarPerm modified mode [ 'LICENSE.md', 436, 438 ]
345 silly gunzTarPerm extractEntry doc/node_misc.md
346 silly gunzTarPerm modified mode [ 'doc/node_misc.md', 436, 438 ]
347 silly gunzTarPerm extractEntry doc/node_misc.md
348 silly gunzTarPerm modified mode [ 'doc/node_misc.md', 436, 438 ]
349 silly gunzTarPerm extractEntry socket_watcher.hpp
350 silly gunzTarPerm modified mode [ 'socket_watcher.hpp', 420, 438 ]
351 silly gunzTarPerm extractEntry .travis.yml
352 silly gunzTarPerm modified mode [ '.travis.yml', 420, 438 ]
353 silly gunzTarPerm extractEntry doc/asyncworker.md
354 silly gunzTarPerm modified mode [ 'doc/asyncworker.md', 436, 438 ]
355 silly gunzTarPerm extractEntry doc/callback.md
356 silly gunzTarPerm modified mode [ 'doc/callback.md', 436, 438 ]
357 silly gunzTarPerm extractEntry doc/asyncworker.md
358 silly gunzTarPerm modified mode [ 'doc/asyncworker.md', 436, 438 ]
359 silly gunzTarPerm extractEntry doc/callback.md
360 silly gunzTarPerm modified mode [ 'doc/callback.md', 436, 438 ]
361 silly gunzTarPerm extractEntry socket_watcher.cpp
362 silly gunzTarPerm modified mode [ 'socket_watcher.cpp', 420, 438 ]
363 silly gunzTarPerm extractEntry wscript
364 silly gunzTarPerm modified mode [ 'wscript', 420, 438 ]
365 silly gunzTarPerm extractEntry doc/converters.md
366 silly gunzTarPerm modified mode [ 'doc/converters.md', 436, 438 ]
367 silly gunzTarPerm extractEntry doc/errors.md
368 silly gunzTarPerm modified mode [ 'doc/errors.md', 436, 438 ]
369 silly gunzTarPerm extractEntry doc/converters.md
370 silly gunzTarPerm modified mode [ 'doc/converters.md', 436, 438 ]
371 silly gunzTarPerm extractEntry doc/errors.md
372 silly gunzTarPerm modified mode [ 'doc/errors.md', 436, 438 ]
373 silly gunzTarPerm extractEntry doc/maybe_types.md
374 silly gunzTarPerm modified mode [ 'doc/maybe_types.md', 436, 438 ]
375 silly gunzTarPerm extractEntry doc/methods.md
376 silly gunzTarPerm modified mode [ 'doc/methods.md', 436, 438 ]
377 silly gunzTarPerm extractEntry doc/new.md
378 silly gunzTarPerm modified mode [ 'doc/new.md', 436, 438 ]
379 silly gunzTarPerm extractEntry doc/maybe_types.md
380 silly gunzTarPerm modified mode [ 'doc/maybe_types.md', 436, 438 ]
381 silly gunzTarPerm extractEntry doc/methods.md
382 silly gunzTarPerm modified mode [ 'doc/methods.md', 436, 438 ]
383 silly gunzTarPerm extractEntry doc/new.md
384 silly gunzTarPerm modified mode [ 'doc/new.md', 436, 438 ]
385 silly gunzTarPerm extractEntry doc/buffers.md
386 silly gunzTarPerm modified mode [ 'doc/buffers.md', 436, 438 ]
387 silly gunzTarPerm extractEntry doc/object_wrappers.md
388 silly gunzTarPerm modified mode [ 'doc/object_wrappers.md', 436, 438 ]
389 silly gunzTarPerm extractEntry doc/buffers.md
390 silly gunzTarPerm modified mode [ 'doc/buffers.md', 436, 438 ]
391 silly gunzTarPerm extractEntry doc/object_wrappers.md
392 silly gunzTarPerm modified mode [ 'doc/object_wrappers.md', 436, 438 ]
393 silly gunzTarPerm extractEntry doc/persistent.md
394 silly gunzTarPerm modified mode [ 'doc/persistent.md', 436, 438 ]
395 silly gunzTarPerm extractEntry doc/scopes.md
396 silly gunzTarPerm modified mode [ 'doc/scopes.md', 436, 438 ]
397 silly gunzTarPerm extractEntry doc/persistent.md
398 silly gunzTarPerm modified mode [ 'doc/persistent.md', 436, 438 ]
399 silly gunzTarPerm extractEntry doc/scopes.md
400 silly gunzTarPerm modified mode [ 'doc/scopes.md', 436, 438 ]
401 silly gunzTarPerm extractEntry doc/script.md
402 silly gunzTarPerm modified mode [ 'doc/script.md', 436, 438 ]
403 silly gunzTarPerm extractEntry doc/string_bytes.md
404 silly gunzTarPerm modified mode [ 'doc/string_bytes.md', 436, 438 ]
405 silly gunzTarPerm extractEntry doc/script.md
406 silly gunzTarPerm modified mode [ 'doc/script.md', 436, 438 ]
407 silly gunzTarPerm extractEntry doc/string_bytes.md
408 silly gunzTarPerm modified mode [ 'doc/string_bytes.md', 436, 438 ]
409 silly gunzTarPerm extractEntry doc/v8_internals.md
410 silly gunzTarPerm modified mode [ 'doc/v8_internals.md', 436, 438 ]
411 silly gunzTarPerm extractEntry doc/v8_internals.md
412 silly gunzTarPerm modified mode [ 'doc/v8_internals.md', 436, 438 ]
413 silly gunzTarPerm extractEntry doc/v8_misc.md
414 silly gunzTarPerm modified mode [ 'doc/v8_misc.md', 436, 438 ]
415 silly gunzTarPerm extractEntry doc/v8_misc.md
416 silly gunzTarPerm modified mode [ 'doc/v8_misc.md', 436, 438 ]
417 silly gentlyRm C:\projects\bene.js\node_modules\.staging\socketwatcher-6b310158\node_modules is being purged
418 verbose gentlyRm don't care about contents; nuking C:\projects\bene.js\node_modules\.staging\socketwatcher-6b310158\node_modules
419 silly gunzTarPerm extractEntry nan.h
420 silly gunzTarPerm modified mode [ 'nan.h', 436, 438 ]
421 silly gunzTarPerm extractEntry nan_callbacks.h
422 silly gunzTarPerm modified mode [ 'nan_callbacks.h', 436, 438 ]
423 silly gunzTarPerm extractEntry nan.h
424 silly gunzTarPerm modified mode [ 'nan.h', 436, 438 ]
425 silly gunzTarPerm extractEntry nan_callbacks.h
426 silly gunzTarPerm modified mode [ 'nan_callbacks.h', 436, 438 ]
427 silly gunzTarPerm extractEntry nan_callbacks_12_inl.h
428 silly gunzTarPerm modified mode [ 'nan_callbacks_12_inl.h', 436, 438 ]
429 silly gunzTarPerm extractEntry nan_callbacks_pre_12_inl.h
430 silly gunzTarPerm modified mode [ 'nan_callbacks_pre_12_inl.h', 436, 438 ]
431 silly gunzTarPerm extractEntry nan_callbacks_12_inl.h
432 silly gunzTarPerm modified mode [ 'nan_callbacks_12_inl.h', 436, 438 ]
433 silly gunzTarPerm extractEntry nan_callbacks_pre_12_inl.h
434 silly gunzTarPerm modified mode [ 'nan_callbacks_pre_12_inl.h', 436, 438 ]
435 silly gunzTarPerm extractEntry nan_converters_43_inl.h
436 silly gunzTarPerm modified mode [ 'nan_converters_43_inl.h', 436, 438 ]
437 silly gunzTarPerm extractEntry nan_converters_pre_43_inl.h
438 silly gunzTarPerm modified mode [ 'nan_converters_pre_43_inl.h', 436, 438 ]
439 silly gunzTarPerm extractEntry nan_implementation_12_inl.h
440 silly gunzTarPerm modified mode [ 'nan_implementation_12_inl.h', 436, 438 ]
441 silly gunzTarPerm extractEntry nan_converters_43_inl.h
442 silly gunzTarPerm modified mode [ 'nan_converters_43_inl.h', 436, 438 ]
443 silly gunzTarPerm extractEntry nan_converters_pre_43_inl.h
444 silly gunzTarPerm modified mode [ 'nan_converters_pre_43_inl.h', 436, 438 ]
445 silly gunzTarPerm extractEntry nan_implementation_12_inl.h
446 silly gunzTarPerm modified mode [ 'nan_implementation_12_inl.h', 436, 438 ]
447 silly gunzTarPerm extractEntry nan_implementation_pre_12_inl.h
448 silly gunzTarPerm modified mode [ 'nan_implementation_pre_12_inl.h', 436, 438 ]
449 silly gunzTarPerm extractEntry nan_implementation_pre_12_inl.h
450 silly gunzTarPerm modified mode [ 'nan_implementation_pre_12_inl.h', 436, 438 ]
451 silly gunzTarPerm extractEntry nan_maybe_43_inl.h
452 silly gunzTarPerm modified mode [ 'nan_maybe_43_inl.h', 436, 438 ]
453 silly gunzTarPerm extractEntry nan_maybe_pre_43_inl.h
454 silly gunzTarPerm modified mode [ 'nan_maybe_pre_43_inl.h', 436, 438 ]
455 silly gunzTarPerm extractEntry nan_new.h
456 silly gunzTarPerm modified mode [ 'nan_new.h', 436, 438 ]
457 silly gunzTarPerm extractEntry nan_object_wrap.h
458 silly gunzTarPerm modified mode [ 'nan_object_wrap.h', 436, 438 ]
459 silly gunzTarPerm extractEntry nan_maybe_43_inl.h
460 silly gunzTarPerm modified mode [ 'nan_maybe_43_inl.h', 436, 438 ]
461 silly gunzTarPerm extractEntry nan_maybe_pre_43_inl.h
462 silly gunzTarPerm modified mode [ 'nan_maybe_pre_43_inl.h', 436, 438 ]
463 silly gunzTarPerm extractEntry nan_new.h
464 silly gunzTarPerm modified mode [ 'nan_new.h', 436, 438 ]
465 silly gunzTarPerm extractEntry nan_object_wrap.h
466 silly gunzTarPerm modified mode [ 'nan_object_wrap.h', 436, 438 ]
467 silly gunzTarPerm extractEntry nan_persistent_12_inl.h
468 silly gunzTarPerm modified mode [ 'nan_persistent_12_inl.h', 436, 438 ]
469 silly gunzTarPerm extractEntry nan_persistent_pre_12_inl.h
470 silly gunzTarPerm modified mode [ 'nan_persistent_pre_12_inl.h', 436, 438 ]
471 silly gunzTarPerm extractEntry nan_persistent_12_inl.h
472 silly gunzTarPerm modified mode [ 'nan_persistent_12_inl.h', 436, 438 ]
473 silly gunzTarPerm extractEntry nan_persistent_pre_12_inl.h
474 silly gunzTarPerm modified mode [ 'nan_persistent_pre_12_inl.h', 436, 438 ]
475 silly gunzTarPerm extractEntry nan_private.h
476 silly gunzTarPerm modified mode [ 'nan_private.h', 436, 438 ]
477 silly gunzTarPerm extractEntry nan_string_bytes.h
478 silly gunzTarPerm modified mode [ 'nan_string_bytes.h', 436, 438 ]
479 silly gunzTarPerm extractEntry nan_private.h
480 silly gunzTarPerm modified mode [ 'nan_private.h', 436, 438 ]
481 silly gunzTarPerm extractEntry nan_string_bytes.h
482 silly gunzTarPerm modified mode [ 'nan_string_bytes.h', 436, 438 ]
483 silly gunzTarPerm extractEntry nan_typedarray_contents.h
484 silly gunzTarPerm modified mode [ 'nan_typedarray_contents.h', 436, 438 ]
485 silly gunzTarPerm extractEntry nan_weak.h
486 silly gunzTarPerm modified mode [ 'nan_weak.h', 436, 438 ]
487 silly gunzTarPerm extractEntry nan_typedarray_contents.h
488 silly gunzTarPerm modified mode [ 'nan_typedarray_contents.h', 436, 438 ]
489 silly gunzTarPerm extractEntry nan_weak.h
490 silly gunzTarPerm modified mode [ 'nan_weak.h', 436, 438 ]
491 silly gunzTarPerm extractEntry tools/package.json
492 silly gunzTarPerm modified mode [ 'tools/package.json', 436, 438 ]
493 silly gunzTarPerm extractEntry tools/README.md
494 silly gunzTarPerm modified mode [ 'tools/README.md', 436, 438 ]
495 silly gunzTarPerm extractEntry tools/package.json
496 silly gunzTarPerm modified mode [ 'tools/package.json', 436, 438 ]
497 silly gunzTarPerm extractEntry tools/README.md
498 silly gunzTarPerm modified mode [ 'tools/README.md', 436, 438 ]
499 silly gunzTarPerm extractEntry tools/1to2.js
500 silly gunzTarPerm modified mode [ 'tools/1to2.js', 509, 511 ]
501 silly gunzTarPerm extractEntry tools/1to2.js
502 silly gunzTarPerm modified mode [ 'tools/1to2.js', 509, 511 ]
503 silly gentlyRm C:\projects\bene.js\node_modules\.staging\nan-a552e04d\node_modules is being purged
504 verbose gentlyRm don't care about contents; nuking C:\projects\bene.js\node_modules\.staging\nan-a552e04d\node_modules
505 silly gentlyRm C:\projects\bene.js\node_modules\.staging\nan-0a9df649\node_modules is being purged
506 verbose gentlyRm don't care about contents; nuking C:\projects\bene.js\node_modules\.staging\nan-0a9df649\node_modules
507 silly gentlyRm C:\projects\bene.js\node_modules\.staging\pcap-7f137021\node_modules is being purged
508 verbose gentlyRm don't care about contents; nuking C:\projects\bene.js\node_modules\.staging\pcap-7f137021\node_modules
509 silly doParallel preinstall 4
510 silly preinstall nan@2.5.1 C:\projects\bene.js\node_modules\.staging\nan-0a9df649
511 info lifecycle nan@2.5.1~preinstall: nan@2.5.1
512 silly preinstall nan@2.5.1 C:\projects\bene.js\node_modules\.staging\nan-a552e04d
513 info lifecycle nan@2.5.1~preinstall: nan@2.5.1
514 silly preinstall socketwatcher@0.3.0 C:\projects\bene.js\node_modules\.staging\socketwatcher-6b310158
515 info lifecycle socketwatcher@0.3.0~preinstall: socketwatcher@0.3.0
516 silly preinstall pcap@2.0.0 C:\projects\bene.js\node_modules\.staging\pcap-7f137021
517 info lifecycle pcap@2.0.0~preinstall: pcap@2.0.0
518 silly lifecycle nan@2.5.1~preinstall: no script for preinstall, continuing
519 silly lifecycle nan@2.5.1~preinstall: no script for preinstall, continuing
520 silly lifecycle socketwatcher@0.3.0~preinstall: no script for preinstall, continuing
521 silly lifecycle pcap@2.0.0~preinstall: no script for preinstall, continuing
522 silly doReverseSerial remove 0
523 silly doSerial move 0
524 silly doSerial finalize 4
525 silly finalize C:\projects\bene.js\node_modules\socketwatcher\node_modules\nan
526 silly finalize C:\projects\bene.js\node_modules\pcap\node_modules\nan
527 silly finalize C:\projects\bene.js\node_modules\socketwatcher
528 silly finalize C:\projects\bene.js\node_modules\pcap
529 silly doSerial build 4
530 silly build nan@2.5.1
531 info linkStuff nan@2.5.1
532 silly linkStuff nan@2.5.1 has C:\projects\bene.js\node_modules\socketwatcher\node_modules as its parent node_modules
533 verbose linkBins nan@2.5.1
534 verbose linkMans nan@2.5.1
535 silly build nan@2.5.1
536 info linkStuff nan@2.5.1
537 silly linkStuff nan@2.5.1 has C:\projects\bene.js\node_modules\pcap\node_modules as its parent node_modules
538 verbose linkBins nan@2.5.1
539 verbose linkMans nan@2.5.1
540 silly build socketwatcher@0.3.0
541 info linkStuff socketwatcher@0.3.0
542 silly linkStuff socketwatcher@0.3.0 has C:\projects\bene.js\node_modules as its parent node_modules
543 verbose linkBins socketwatcher@0.3.0
544 verbose linkMans socketwatcher@0.3.0
545 silly build pcap@2.0.0
546 info linkStuff pcap@2.0.0
547 silly linkStuff pcap@2.0.0 has C:\projects\bene.js\node_modules as its parent node_modules
548 verbose linkBins pcap@2.0.0
549 verbose linkMans pcap@2.0.0
550 silly doSerial global-link 0
551 silly doParallel update-linked 0
552 silly doSerial install 4
553 silly install nan@2.5.1 C:\projects\bene.js\node_modules\.staging\nan-0a9df649
554 info lifecycle nan@2.5.1~install: nan@2.5.1
555 silly lifecycle nan@2.5.1~install: no script for install, continuing
556 silly install nan@2.5.1 C:\projects\bene.js\node_modules\.staging\nan-a552e04d
557 info lifecycle nan@2.5.1~install: nan@2.5.1
558 silly lifecycle nan@2.5.1~install: no script for install, continuing
559 silly install socketwatcher@0.3.0 C:\projects\bene.js\node_modules\.staging\socketwatcher-6b310158
560 info lifecycle socketwatcher@0.3.0~install: socketwatcher@0.3.0
561 verbose lifecycle socketwatcher@0.3.0~install: unsafe-perm in lifecycle true
562 verbose lifecycle socketwatcher@0.3.0~install: PATH: C:\Program Files\nodejs\node_modules\npm\bin\node-gyp-bin;C:\projects\bene.js\node_modules\socketwatcher\node_modules\.bin;C:\projects\bene.js\node_modules\.bin;C:\Program Files (x86)\Intel\iCLS Client\;C:\Program Files\Intel\iCLS Client\;C:\Windows\system32;C:\Windows;C:\Windows\System32\Wbem;C:\Windows\System32\WindowsPowerShell\v1.0\;C:\Program Files (x86)\Intel\Intel(R) Management Engine Components\DAL;C:\Program Files\Intel\Intel(R) Management Engine Components\DAL;C:\Program Files (x86)\Intel\Intel(R) Management Engine Components\IPT;C:\Program Files\Intel\Intel(R) Management Engine Components\IPT;C:\Program Files (x86)\NVIDIA Corporation\PhysX\Common;C:\Program Files\Intel\WiFi\bin\;C:\Program Files\Common Files\Intel\WirelessCommon\;C:\Program Files\MongoDB\Server\3.4\bin;C:\Program Files\nodejs\;C:\WINDOWS\system32;C:\WINDOWS;C:\WINDOWS\System32\Wbem;C:\WINDOWS\System32\WindowsPowerShell\v1.0\;C:\Program Files\Git\bin;C:\Users\qkrwl\.electron;C:\WINDOWS\system32\config\systemprofile\.dnx\bin;C:\Program Files\Microsoft DNX\Dnvm\;C:\Program Files\Microsoft SQL Server\130\Tools\Binn\;C:\Users\qkrwl\AppData\Local\Fusetools\Fuse\App\Bin;C:\Users\qkrwl\AppData\Roaming\npm;C:\Users\qkrwl\AppData\Local\Microsoft\WindowsApps;C:\Users\qkrwl\AppData\Local\atom\bin;C:\Python27
563 verbose lifecycle socketwatcher@0.3.0~install: CWD: C:\projects\bene.js\node_modules\socketwatcher
564 silly lifecycle socketwatcher@0.3.0~install: Args: [ '/d /s /c', 'node-gyp rebuild' ]
565 silly lifecycle socketwatcher@0.3.0~install: Returned: code: 0  signal: null
566 silly install pcap@2.0.0 C:\projects\bene.js\node_modules\.staging\pcap-7f137021
567 info lifecycle pcap@2.0.0~install: pcap@2.0.0
568 verbose lifecycle pcap@2.0.0~install: unsafe-perm in lifecycle true
569 verbose lifecycle pcap@2.0.0~install: PATH: C:\Program Files\nodejs\node_modules\npm\bin\node-gyp-bin;C:\projects\bene.js\node_modules\pcap\node_modules\.bin;C:\projects\bene.js\node_modules\.bin;C:\Program Files (x86)\Intel\iCLS Client\;C:\Program Files\Intel\iCLS Client\;C:\Windows\system32;C:\Windows;C:\Windows\System32\Wbem;C:\Windows\System32\WindowsPowerShell\v1.0\;C:\Program Files (x86)\Intel\Intel(R) Management Engine Components\DAL;C:\Program Files\Intel\Intel(R) Management Engine Components\DAL;C:\Program Files (x86)\Intel\Intel(R) Management Engine Components\IPT;C:\Program Files\Intel\Intel(R) Management Engine Components\IPT;C:\Program Files (x86)\NVIDIA Corporation\PhysX\Common;C:\Program Files\Intel\WiFi\bin\;C:\Program Files\Common Files\Intel\WirelessCommon\;C:\Program Files\MongoDB\Server\3.4\bin;C:\Program Files\nodejs\;C:\WINDOWS\system32;C:\WINDOWS;C:\WINDOWS\System32\Wbem;C:\WINDOWS\System32\WindowsPowerShell\v1.0\;C:\Program Files\Git\bin;C:\Users\qkrwl\.electron;C:\WINDOWS\system32\config\systemprofile\.dnx\bin;C:\Program Files\Microsoft DNX\Dnvm\;C:\Program Files\Microsoft SQL Server\130\Tools\Binn\;C:\Users\qkrwl\AppData\Local\Fusetools\Fuse\App\Bin;C:\Users\qkrwl\AppData\Roaming\npm;C:\Users\qkrwl\AppData\Local\Microsoft\WindowsApps;C:\Users\qkrwl\AppData\Local\atom\bin;C:\Python27
570 verbose lifecycle pcap@2.0.0~install: CWD: C:\projects\bene.js\node_modules\pcap
571 silly lifecycle pcap@2.0.0~install: Args: [ '/d /s /c', 'node-gyp rebuild' ]
572 silly lifecycle pcap@2.0.0~install: Returned: code: 1  signal: null
573 info lifecycle pcap@2.0.0~install: Failed to exec install script
574 verbose unlock done using C:\Users\qkrwl\AppData\Roaming\npm-cache\_locks\staging-bc23c28eb3ba3755.lock for C:\projects\bene.js\node_modules\.staging
575 silly rollbackFailedOptional Starting
576 silly rollbackFailedOptional Finishing
577 silly runTopLevelLifecycles Finishing
578 silly install printInstalled
579 warn bene.js@0.0.1 No repository field.
580 verbose If you need help, you may report this error at:
580 verbose     <https://github.com/npm/npm/issues>
581 warn bene.js@0.0.1 No license field.
582 verbose If you need help, you may report this error at:
582 verbose     <https://github.com/npm/npm/issues>
583 verbose stack Error: pcap@2.0.0 install: `node-gyp rebuild`
583 verbose stack Exit status 1
583 verbose stack     at EventEmitter.<anonymous> (C:\Program Files\nodejs\node_modules\npm\lib\utils\lifecycle.js:255:16)
583 verbose stack     at emitTwo (events.js:106:13)
583 verbose stack     at EventEmitter.emit (events.js:191:7)
583 verbose stack     at ChildProcess.<anonymous> (C:\Program Files\nodejs\node_modules\npm\lib\utils\spawn.js:40:14)
583 verbose stack     at emitTwo (events.js:106:13)
583 verbose stack     at ChildProcess.emit (events.js:191:7)
583 verbose stack     at maybeClose (internal/child_process.js:885:16)
583 verbose stack     at Process.ChildProcess._handle.onexit (internal/child_process.js:226:5)
584 verbose pkgid pcap@2.0.0
585 verbose cwd C:\projects\bene.js
586 error Windows_NT 10.0.14393
587 error argv "C:\\Program Files\\nodejs\\node.exe" "C:\\Program Files\\nodejs\\node_modules\\npm\\bin\\npm-cli.js" "install" "https://github.com/mranney/node_pcap.git"
588 error node v7.3.0
589 error npm  v3.10.10
590 error code ELIFECYCLE
591 error pcap@2.0.0 install: `node-gyp rebuild`
591 error Exit status 1
592 error Failed at the pcap@2.0.0 install script 'node-gyp rebuild'.
592 error Make sure you have the latest version of node.js and npm installed.
592 error If you do, this is most likely a problem with the pcap package,
592 error not with npm itself.
592 error Tell the author that this fails on your system:
592 error     node-gyp rebuild
592 error You can get information on how to open an issue for this project with:
592 error     npm bugs pcap
592 error Or if that isn't available, you can get their info via:
592 error     npm owner ls pcap
592 error There is likely additional logging output above.
593 verbose exit [ 1, true ]
